This file contains any messages produced by compilers while
running configure, to aid debugging if configure makes a mistake.

It was created by configure, which was
generated by GNU Autoconf 2.57.  Invocation command line was

  $ ./configure --prefix=/scratch/childers/hdSVN/Analysis/Workspace/childers/tclap-1.1.0/install

## --------- ##
## Platform. ##
## --------- ##

hostname = pcatkip02
uname -m = i686
uname -r = 2.6.9-89.EL.cernsmp
uname -s = Linux
uname -v = #1 SMP Wed Jun 3 13:16:24 CEST 2009

/usr/bin/uname -p = unknown
/bin/uname -X     = unknown

/bin/arch              = i686
/usr/bin/arch -k       = unknown
/usr/convex/getsysinfo = unknown
hostinfo               = unknown
/bin/machine           = unknown
/usr/bin/oslevel       = unknown
/bin/universe          = unknown

PATH: /afs/cern.ch/user/c/childers/LVL1/l1calo/l1cana/installed/i686-slc4-gcc34-opt/bin
PATH: /afs/cern.ch/user/c/childers/LVL1/l1calo/l1cana/share/bin
PATH: /afs/cern.ch/sw/lcg/app/releases/ROOT/5.22.00b/slc4_ia32_gcc34/root/bin
PATH: /scratch/childers/OnlineSoftware/LVL1/l1calo/scripts
PATH: /afs/cern.ch/user/c/childers/LVL1/l1calo/installed/share/bin
PATH: /afs/cern.ch/user/c/childers/LVL1/l1calo/installed/i686-slc4-gcc34-opt/bin
PATH: /afs/cern.ch/sw/lcg/external/Python/2.5.4/slc4_ia32_gcc34/bin
PATH: /afs/cern.ch/sw/lcg/external/Java/JDK/1.6.0/ia32/bin
PATH: /afs/cern.ch/sw/lcg/external/sqlite/3.6.8/slc4_ia32_gcc34/bin
PATH: /afs/cern.ch/sw/lcg/external/qt/4.4.2/slc4_ia32_gcc34/bin
PATH: /afs/cern.ch/sw/lcg/app/releases/ROOT/5.22.00b/slc4_ia32_gcc34/root/bin
PATH: /afs/cern.ch/atlas/project/tdaq/cmt/tdaq/tdaq-02-00-02/installed/share/bin
PATH: /afs/cern.ch/atlas/project/tdaq/cmt/tdaq/tdaq-02-00-02/installed/i686-slc4-gcc34-opt/bin
PATH: /afs/cern.ch/atlas/project/tdaq/cmt/dqm-common/dqm-common-00-08-03/installed/share/bin
PATH: /afs/cern.ch/atlas/project/tdaq/cmt/dqm-common/dqm-common-00-08-03/installed/i686-slc4-gcc34-opt/bin
PATH: /afs/cern.ch/atlas/project/tdaq/cmt/tdaq-common/tdaq-common-01-13-00/installed/share/bin
PATH: /afs/cern.ch/atlas/project/tdaq/cmt/tdaq-common/tdaq-common-01-13-00/installed/i686-slc4-gcc34-opt/bin
PATH: /afs/cern.ch/user/c/childers/bin
PATH: /afs/cern.ch/user/c/childers/scripts
PATH: /usr/sue/bin
PATH: /afs/cern.ch/atlas/@sys/bin
PATH: /afs/cern.ch/atlas/scripts
PATH: /usr/local/bin
PATH: /usr/local/bin/X11
PATH: /usr/bin
PATH: /bin
PATH: /usr/bin/X11
PATH: /cern/pro/bin
PATH: /usr/lib/qt-3.3/bin
PATH: /usr/kerberos/bin
PATH: /usr/X11R6/bin
PATH: /afs/cern.ch/sw/contrib/CMT/v1r20p20081118/Linux-i686


## ----------- ##
## Core tests. ##
## ----------- ##

configure:1307: checking for a BSD-compatible install
configure:1361: result: /usr/bin/install -c
configure:1372: checking whether build environment is sane
configure:1415: result: yes
configure:1448: checking for gawk
configure:1464: found /usr/bin/gawk
configure:1474: result: gawk
configure:1484: checking whether make sets $(MAKE)
configure:1504: result: yes
configure:1720: checking for g++
configure:1736: found /usr/bin/g++
configure:1746: result: g++
configure:1762: checking for C++ compiler version
configure:1765: g++ --version </dev/null >&5
g++ (GCC) 3.4.6 20060404 (Red Hat 3.4.6-11)
Copyright (C) 2006 Free Software Foundation, Inc.
This is free software; see the source for copying conditions.  There is NO
warranty; not even for MERCHANTABILITY or FITNESS FOR A PARTICULAR PURPOSE.

configure:1768: $? = 0
configure:1770: g++ -v </dev/null >&5
Reading specs from /usr/lib/gcc/i386-redhat-linux/3.4.6/specs
Configured with: ../configure --prefix=/usr --mandir=/usr/share/man --infodir=/usr/share/info --enable-shared --enable-threads=posix --disable-checking --with-system-zlib --enable-__cxa_atexit --disable-libunwind-exceptions --enable-java-awt=gtk --host=i386-redhat-linux
Thread model: posix
gcc version 3.4.6 20060404 (Red Hat 3.4.6-11)
configure:1773: $? = 0
configure:1775: g++ -V </dev/null >&5
g++: `-V' option must have argument
configure:1778: $? = 1
configure:1802: checking for C++ compiler default output
configure:1805: g++    conftest.cc  >&5
configure:1808: $? = 0
configure:1854: result: a.out
configure:1859: checking whether the C++ compiler works
configure:1865: ./a.out
configure:1868: $? = 0
configure:1885: result: yes
configure:1892: checking whether we are cross compiling
configure:1894: result: no
configure:1897: checking for suffix of executables
configure:1899: g++ -o conftest    conftest.cc  >&5
configure:1902: $? = 0
configure:1927: result: 
configure:1933: checking for suffix of object files
configure:1955: g++ -c   conftest.cc >&5
configure:1958: $? = 0
configure:1980: result: o
configure:1984: checking whether we are using the GNU C++ compiler
configure:2009: g++ -c   conftest.cc >&5
configure:2012: $? = 0
configure:2015: test -s conftest.o
configure:2018: $? = 0
configure:2031: result: yes
configure:2037: checking whether g++ accepts -g
configure:2059: g++ -c -g  conftest.cc >&5
configure:2062: $? = 0
configure:2065: test -s conftest.o
configure:2068: $? = 0
configure:2079: result: yes
configure:2123: g++ -c -g -O2  conftest.cc >&5
configure:2126: $? = 0
configure:2129: test -s conftest.o
configure:2132: $? = 0
configure:2159: g++ -c -g -O2  conftest.cc >&5
configure: In function `int main()':
configure:2156: error: `exit' was not declared in this scope
configure:2162: $? = 1
configure: failed program was:
| #line 2142 "configure"
| /* confdefs.h.  */
| 
| #define PACKAGE_NAME ""
| #define PACKAGE_TARNAME ""
| #define PACKAGE_VERSION ""
| #define PACKAGE_STRING ""
| #define PACKAGE_BUGREPORT ""
| #define PACKAGE "tclap"
| #define VERSION "1.1.0"
| /* end confdefs.h.  */
| 
| int
| main ()
| {
| exit (42);
|   ;
|   return 0;
| }
configure:2123: g++ -c -g -O2  conftest.cc >&5
configure:2126: $? = 0
configure:2129: test -s conftest.o
configure:2132: $? = 0
configure:2159: g++ -c -g -O2  conftest.cc >&5
configure:2162: $? = 0
configure:2165: test -s conftest.o
configure:2168: $? = 0
configure:2202: checking for style of include used by make
configure:2230: result: GNU
configure:2258: checking dependency style of g++
configure:2341: result: gcc3
configure:2359: checking whether the compiler implements namespaces
configure:2389: g++ -c -g -O2  conftest.cc >&5
configure:2392: $? = 0
configure:2395: test -s conftest.o
configure:2398: $? = 0
configure:2416: result: yes
configure:2431: checking how to run the C++ preprocessor
configure:2463: g++ -E  conftest.cc
configure:2469: $? = 0
configure:2501: g++ -E  conftest.cc
configure:2506:28: ac_nonexistent.h: No such file or directory
configure:2507: $? = 1
configure: failed program was:
| #line 2492 "configure"
| /* confdefs.h.  */
| 
| #define PACKAGE_NAME ""
| #define PACKAGE_TARNAME ""
| #define PACKAGE_VERSION ""
| #define PACKAGE_STRING ""
| #define PACKAGE_BUGREPORT ""
| #define PACKAGE "tclap"
| #define VERSION "1.1.0"
| #ifdef __cplusplus
| #include <stdlib.h>
| #endif
| #define HAVE_NAMESPACES 1
| /* end confdefs.h.  */
| #include <ac_nonexistent.h>
configure:2545: result: g++ -E
configure:2570: g++ -E  conftest.cc
configure:2576: $? = 0
configure:2608: g++ -E  conftest.cc
configure:2613:28: ac_nonexistent.h: No such file or directory
configure:2614: $? = 1
configure: failed program was:
| #line 2599 "configure"
| /* confdefs.h.  */
| 
| #define PACKAGE_NAME ""
| #define PACKAGE_TARNAME ""
| #define PACKAGE_VERSION ""
| #define PACKAGE_STRING ""
| #define PACKAGE_BUGREPORT ""
| #define PACKAGE "tclap"
| #define VERSION "1.1.0"
| #ifdef __cplusplus
| #include <stdlib.h>
| #endif
| #define HAVE_NAMESPACES 1
| /* end confdefs.h.  */
| #include <ac_nonexistent.h>
configure:2657: checking for egrep
configure:2667: result: grep -E
configure:2672: checking for ANSI C header files
configure:2698: g++ -c -g -O2  conftest.cc >&5
configure:2701: $? = 0
configure:2704: test -s conftest.o
configure:2707: $? = 0
configure:2799: g++ -o conftest -g -O2   conftest.cc  >&5
configure:2802: $? = 0
configure:2804: ./conftest
configure:2807: $? = 0
configure:2822: result: yes
configure:2846: checking for sys/types.h
configure:2863: g++ -c -g -O2  conftest.cc >&5
configure:2866: $? = 0
configure:2869: test -s conftest.o
configure:2872: $? = 0
configure:2883: result: yes
configure:2846: checking for sys/stat.h
configure:2863: g++ -c -g -O2  conftest.cc >&5
configure:2866: $? = 0
configure:2869: test -s conftest.o
configure:2872: $? = 0
configure:2883: result: yes
configure:2846: checking for stdlib.h
configure:2863: g++ -c -g -O2  conftest.cc >&5
configure:2866: $? = 0
configure:2869: test -s conftest.o
configure:2872: $? = 0
configure:2883: result: yes
configure:2846: checking for string.h
configure:2863: g++ -c -g -O2  conftest.cc >&5
configure:2866: $? = 0
configure:2869: test -s conftest.o
configure:2872: $? = 0
configure:2883: result: yes
configure:2846: checking for memory.h
configure:2863: g++ -c -g -O2  conftest.cc >&5
configure:2866: $? = 0
configure:2869: test -s conftest.o
configure:2872: $? = 0
configure:2883: result: yes
configure:2846: checking for strings.h
configure:2863: g++ -c -g -O2  conftest.cc >&5
configure:2866: $? = 0
configure:2869: test -s conftest.o
configure:2872: $? = 0
configure:2883: result: yes
configure:2846: checking for inttypes.h
configure:2863: g++ -c -g -O2  conftest.cc >&5
configure:2866: $? = 0
configure:2869: test -s conftest.o
configure:2872: $? = 0
configure:2883: result: yes
configure:2846: checking for stdint.h
configure:2863: g++ -c -g -O2  conftest.cc >&5
configure:2866: $? = 0
configure:2869: test -s conftest.o
configure:2872: $? = 0
configure:2883: result: yes
configure:2846: checking for unistd.h
configure:2863: g++ -c -g -O2  conftest.cc >&5
configure:2866: $? = 0
configure:2869: test -s conftest.o
configure:2872: $? = 0
configure:2883: result: yes
configure:2918: checking sstream usability
configure:2931: g++ -c -g -O2  conftest.cc >&5
configure:2934: $? = 0
configure:2937: test -s conftest.o
configure:2940: $? = 0
configure:2950: result: yes
configure:2954: checking sstream presence
configure:2965: g++ -E  conftest.cc
configure:2971: $? = 0
configure:2990: result: yes
configure:3026: checking for sstream
configure:3033: result: yes
configure:3046: checking whether the STL defines stringstream
configure:3071: g++ -c -g -O2  conftest.cc >&5
configure:3074: $? = 0
configure:3077: test -s conftest.o
configure:3080: $? = 0
configure:3092: result: yes
configure:3131: checking strstream usability
configure:3144: g++ -c -g -O2  conftest.cc >&5
In file included from /usr/lib/gcc/i386-redhat-linux/3.4.6/../../../../include/c++/3.4.6/backward/strstream:51,
                 from configure:3193:
/usr/lib/gcc/i386-redhat-linux/3.4.6/../../../../include/c++/3.4.6/backward/backward_warning.h:32:2: warning: #warning This file includes at least one deprecated or antiquated header. Please consider using one of the 32 headers found in section 17.4.1.2 of the C++ standard. Examples include substituting the <X> header for the <X.h> header for C++ includes, or <iostream> instead of the deprecated header <iostream.h>. To disable this warning use -Wno-deprecated.
configure:3147: $? = 0
configure:3150: test -s conftest.o
configure:3153: $? = 0
configure:3163: result: yes
configure:3167: checking strstream presence
configure:3178: g++ -E  conftest.cc
In file included from /usr/lib/gcc/i386-redhat-linux/3.4.6/../../../../include/c++/3.4.6/backward/strstream:51,
                 from configure:3195:
/usr/lib/gcc/i386-redhat-linux/3.4.6/../../../../include/c++/3.4.6/backward/backward_warning.h:32:2: warning: #warning This file includes at least one deprecated or antiquated header. Please consider using one of the 32 headers found in section 17.4.1.2 of the C++ standard. Examples include substituting the <X> header for the <X.h> header for C++ includes, or <iostream> instead of the deprecated header <iostream.h>. To disable this warning use -Wno-deprecated.
configure:3184: $? = 0
configure:3203: result: yes
configure:3239: checking for strstream
configure:3246: result: yes
configure:3259: checking whether the STL defines strstream
configure:3288: g++ -c -g -O2  conftest.cc >&5
In file included from /usr/lib/gcc/i386-redhat-linux/3.4.6/../../../../include/c++/3.4.6/backward/strstream:51,
                 from configure:3292:
/usr/lib/gcc/i386-redhat-linux/3.4.6/../../../../include/c++/3.4.6/backward/backward_warning.h:32:2: warning: #warning This file includes at least one deprecated or antiquated header. Please consider using one of the 32 headers found in section 17.4.1.2 of the C++ standard. Examples include substituting the <X> header for the <X.h> header for C++ includes, or <iostream> instead of the deprecated header <iostream.h>. To disable this warning use -Wno-deprecated.
configure:3291: $? = 0
configure:3294: test -s conftest.o
configure:3297: $? = 0
configure:3309: result: yes
configure:3327: checking for dot
configure:3354: result: NO
configure:3402: checking for ranlib
configure:3418: found /usr/bin/ranlib
configure:3429: result: ranlib
configure:3453: checking for a BSD-compatible install
configure:3507: result: /usr/bin/install -c
configure:3529: checking for doxygen
configure:3547: found /usr/bin/doxygen
configure:3559: result: /usr/bin/doxygen
configure:3706: creating ./config.status

## ---------------------- ##
## Running config.status. ##
## ---------------------- ##

This file was extended by config.status, which was
generated by GNU Autoconf 2.57.  Invocation command line was

  CONFIG_FILES    = 
  CONFIG_HEADERS  = 
  CONFIG_LINKS    = 
  CONFIG_COMMANDS = 
  $ ./config.status 

on pcatkip02

config.status:668: creating Makefile
config.status:668: creating examples/Makefile
config.status:668: creating include/Makefile
config.status:668: creating include/tclap/Makefile
config.status:668: creating config/Makefile
config.status:668: creating docs/Makefile
config.status:668: creating docs/Doxyfile
config.status:668: creating msc/Makefile
config.status:668: creating msc/examples/Makefile
config.status:668: creating tests/Makefile
config.status:772: creating config/config.h
config.status:885: config/config.h is unchanged
config.status:1007: executing depfiles commands
config.status:1007: executing default commands

## ---------------- ##
## Cache variables. ##
## ---------------- ##

ac_cv_cxx_compiler_gnu=yes
ac_cv_cxx_have_class_strstream=yes
ac_cv_cxx_have_sstream=yes
ac_cv_cxx_namespaces=yes
ac_cv_env_CPPFLAGS_set=
ac_cv_env_CPPFLAGS_value=
ac_cv_env_CXXCPP_set=
ac_cv_env_CXXCPP_value=
ac_cv_env_CXXFLAGS_set=
ac_cv_env_CXXFLAGS_value=
ac_cv_env_CXX_set=
ac_cv_env_CXX_value=
ac_cv_env_LDFLAGS_set=
ac_cv_env_LDFLAGS_value=
ac_cv_env_build_alias_set=
ac_cv_env_build_alias_value=
ac_cv_env_host_alias_set=
ac_cv_env_host_alias_value=
ac_cv_env_target_alias_set=
ac_cv_env_target_alias_value=
ac_cv_exeext=
ac_cv_header_inttypes_h=yes
ac_cv_header_memory_h=yes
ac_cv_header_sstream=yes
ac_cv_header_stdc=yes
ac_cv_header_stdint_h=yes
ac_cv_header_stdlib_h=yes
ac_cv_header_string_h=yes
ac_cv_header_strings_h=yes
ac_cv_header_strstream=yes
ac_cv_header_sys_stat_h=yes
ac_cv_header_sys_types_h=yes
ac_cv_header_unistd_h=yes
ac_cv_objext=o
ac_cv_path_DOXYGEN=/usr/bin/doxygen
ac_cv_path_install='/usr/bin/install -c'
ac_cv_prog_AWK=gawk
ac_cv_prog_CXXCPP='g++ -E'
ac_cv_prog_DOT=NO
ac_cv_prog_ac_ct_CXX=g++
ac_cv_prog_ac_ct_RANLIB=ranlib
ac_cv_prog_cxx_g=yes
ac_cv_prog_egrep='grep -E'
ac_cv_prog_make_make_set=yes
am_cv_CXX_dependencies_compiler_type=gcc3

## ----------------- ##
## Output variables. ##
## ----------------- ##

ACLOCAL='${SHELL} /afs/cern.ch/user/c/childers/hdWorkspace/tclap-1.1.0/config/missing --run aclocal-1.7'
AMDEPBACKSLASH='\'
AMDEP_FALSE='#'
AMDEP_TRUE=''
AMTAR='${SHELL} /afs/cern.ch/user/c/childers/hdWorkspace/tclap-1.1.0/config/missing --run tar'
AUTOCONF='${SHELL} /afs/cern.ch/user/c/childers/hdWorkspace/tclap-1.1.0/config/missing --run autoconf'
AUTOHEADER='${SHELL} /afs/cern.ch/user/c/childers/hdWorkspace/tclap-1.1.0/config/missing --run autoheader'
AUTOMAKE='${SHELL} /afs/cern.ch/user/c/childers/hdWorkspace/tclap-1.1.0/config/missing --run automake-1.7'
AWK='gawk'
CPPFLAGS=''
CXX='g++'
CXXCPP='g++ -E'
CXXDEPMODE='depmode=gcc3'
CXXFLAGS='-g -O2'
CYGPATH_W='echo'
DEFS='-DHAVE_CONFIG_H'
DEPDIR='.deps'
DOC_FALSE='#'
DOC_TRUE=''
DOT='NO'
DOXYGEN='/usr/bin/doxygen'
ECHO_C=''
ECHO_N='-n'
ECHO_T=''
EGREP='grep -E'
EXEEXT=''
INSTALL_DATA='${INSTALL} -m 644'
INSTALL_PROGRAM='${INSTALL}'
INSTALL_SCRIPT='${INSTALL}'
INSTALL_STRIP_PROGRAM='${SHELL} $(install_sh) -c -s'
LDFLAGS=''
LIBOBJS=''
LIBS=''
LTLIBOBJS=''
MAKEINFO='${SHELL} /afs/cern.ch/user/c/childers/hdWorkspace/tclap-1.1.0/config/missing --run makeinfo'
OBJEXT='o'
PACKAGE='tclap'
PACKAGE_BUGREPORT=''
PACKAGE_NAME=''
PACKAGE_STRING=''
PACKAGE_TARNAME=''
PACKAGE_VERSION=''
PATH_SEPARATOR=':'
RANLIB='ranlib'
SET_MAKE=''
SHELL='/bin/sh'
STRIP=''
VERSION='1.1.0'
ac_ct_CXX='g++'
ac_ct_RANLIB='ranlib'
ac_ct_STRIP=''
am__fastdepCXX_FALSE='#'
am__fastdepCXX_TRUE=''
am__include='include'
am__leading_dot='.'
am__quote=''
bindir='${exec_prefix}/bin'
build_alias=''
datadir='${prefix}/share'
exec_prefix='${prefix}'
host_alias=''
includedir='${prefix}/include'
infodir='${prefix}/info'
install_sh='/afs/cern.ch/user/c/childers/hdWorkspace/tclap-1.1.0/config/install-sh'
libdir='${exec_prefix}/lib'
libexecdir='${exec_prefix}/libexec'
localstatedir='${prefix}/var'
mandir='${prefix}/man'
oldincludedir='/usr/include'
prefix='/scratch/childers/hdSVN/Analysis/Workspace/childers/tclap-1.1.0/install'
program_transform_name='s,x,x,'
sbindir='${exec_prefix}/sbin'
sharedstatedir='${prefix}/com'
sysconfdir='${prefix}/etc'
target_alias=''

## ----------- ##
## confdefs.h. ##
## ----------- ##

#define HAVE_CLASS_STRSTREAM 1
#define HAVE_INTTYPES_H 1
#define HAVE_MEMORY_H 1
#define HAVE_NAMESPACES 1
#define HAVE_SSTREAM 1
#define HAVE_SSTREAM 1
#define HAVE_STDINT_H 1
#define HAVE_STDLIB_H 1
#define HAVE_STRINGS_H 1
#define HAVE_STRING_H 1
#define HAVE_STRSTREAM 1
#define HAVE_SYS_STAT_H 1
#define HAVE_SYS_TYPES_H 1
#define HAVE_UNISTD_H 1
#define PACKAGE "tclap"
#define PACKAGE_BUGREPORT ""
#define PACKAGE_NAME ""
#define PACKAGE_STRING ""
#define PACKAGE_TARNAME ""
#define PACKAGE_VERSION ""
#define STDC_HEADERS 1
#define VERSION "1.1.0"
#endif
#ifdef __cplusplus
#include <stdlib.h>

configure: exit 0
